<?xml version="1.0" encoding="UTF-8"?>
<!-- Generated by org.testng.reporters.JUnitXMLReporter -->
<testsuite hostname="AKHILESG-IN" ignored="0" name="Test" tests="1" failures="1" timestamp="16 Nov 2020 17:20:05 GMT" time="104.195" errors="0">
  <testcase name="verifyAPIAndWebTeamperatureValue" time="68.817" classname="TestCases.WeatherDetailTestCases">
    <failure type="java.lang.AssertionError" message="Failed : Diff in Web Temperatur Value and API Temperature Value is greater than 2 expected [true] but found [false]">
      <![CDATA[java.lang.AssertionError: Failed : Diff in Web Temperatur Value and API Temperature Value is greater than 2 expected [true] but found [false]
at commonFunctions.CommonFunctions.verifyIfDiffrenceIsLessThan2(CommonFunctions.java:17)
at TestCases.WeatherDetailTestCases.verifyAPIAndWebTeamperatureValue(WeatherDetailTestCases.java:33)
... Removed 32 stack frames]]>
    </failure>
  </testcase> <!-- verifyAPIAndWebTeamperatureValue -->
</testsuite> <!-- Test -->
