<?xml version="1.0" encoding="UTF-8"?>
<testsuite xmlns:xsi="http://www.w3.org/2001/XMLSchema-instance" xsi:noNamespaceSchemaLocation="https://maven.apache.org/surefire/maven-surefire-plugin/xsd/surefire-test-report.xsd" name="TestSuite" time="106.108" tests="1" errors="0" skipped="0" failures="1">
  <properties>
[...]
</properties>
  <testcase name="verifyAPIAndWebTeamperatureValue" classname="TestCases.WeatherDetailTestCases" time="68.875">
    <failure message="Failed : Diff in Web Temperatur Value and API Temperature Value is greater than 2 expected [true] but found [false]" type="java.lang.AssertionError">java.lang.AssertionError: Failed : Diff in Web Temperatur Value and API Temperature Value is greater than 2 expected [true] but found [false]
	at TestCases.WeatherDetailTestCases.verifyAPIAndWebTeamperatureValue(WeatherDetailTestCases.java:33)
</failure>
    <system-out><![CDATA[C:\Users\akhilesg\TestVagrantAutomationFramrwork
chrome
API Temp Value : 23
Web Temp Value : 26
]]></system-out>
    <system-err><![CDATA[Starting ChromeDriver 86.0.4240.22 (398b0743353ff36fb1b82468f63a3a93b4e2e89e-refs/branch-heads/4240@{#378}) on port 31180
Only local connections are allowed.
Please see https://chromedriver.chromium.org/security-considerations for suggestions on keeping ChromeDriver safe.
ChromeDriver was started successfully.
Nov 16, 2020 10:48:28 PM org.openqa.selenium.remote.ProtocolHandshake createSession
INFO: Detected dialect: W3C
]]></system-err>
  </testcase>
</testsuite>